<?xml version="1.0" encoding="UTF-8"?>
<!-- Generated by org.testng.reporters.JUnitReportReporter -->
<testsuite hostname="LAPTOP-M0NL3NBK" failures="0" tests="2" name="QualityKiosksTraining.CalculatorAPICICDDemo.AdditionalTestCases" time="0.006" errors="0" timestamp="2021-05-18T15:49:00 IST" skipped="0">
  <testcase classname="QualityKiosksTraining.CalculatorAPICICDDemo.AdditionalTestCases" name="TestAdditionalWithOnePositiveOneNegativeNumbers" time="0.005"/>
  <system-out/>
  <testcase classname="QualityKiosksTraining.CalculatorAPICICDDemo.AdditionalTestCases" name="TestAdditionalWithPositiveNumbers" time="0.001"/>
  <system-out/>
</testsuite> <!-- QualityKiosksTraining.CalculatorAPICICDDemo.AdditionalTestCases -->
