<?xml version="1.0" encoding="UTF-8"?>
<!-- Generated by org.testng.reporters.JUnitReportReporter -->
<testsuite hostname="LAPTOP-M0NL3NBK" failures="0" tests="3" name="CalculatorAPICICDDemo.AdditionalTestCases" time="0.015" errors="0" timestamp="2021-05-19T10:16:49 IST" skipped="0">
  <testcase classname="CalculatorAPICICDDemo.AdditionalTestCases" name="TestAdditionalWithOnePositiveOneNegativeNumbers" time="0.009"/>
  <system-out/>
  <testcase classname="CalculatorAPICICDDemo.AdditionalTestCases" name="TestAdditionalWithPositiveNumbers" time="0.003"/>
  <system-out/>
  <testcase classname="CalculatorAPICICDDemo.AdditionalTestCases" name="TestAdditionalWithZeroNumbers" time="0.003"/>
  <system-out/>
</testsuite> <!-- CalculatorAPICICDDemo.AdditionalTestCases -->
