<?xml version="1.0" encoding="UTF-8"?>
<!-- Generated by org.testng.reporters.JUnitReportReporter -->
<testsuite hostname="LAPTOP-M0NL3NBK" failures="0" tests="2" name="CalculatorAPICICDDemo.AdditionalTestCases" time="0.006" errors="0" timestamp="2021-05-19T09:57:03 IST" skipped="0">
  <testcase classname="CalculatorAPICICDDemo.AdditionalTestCases" name="TestAdditionalWithOnePositiveOneNegativeNumbers" time="0.006"/>
  <system-out/>
  <testcase classname="CalculatorAPICICDDemo.AdditionalTestCases" name="TestAdditionalWithPositiveNumbers" time="0.000"/>
  <system-out/>
</testsuite> <!-- CalculatorAPICICDDemo.AdditionalTestCases -->
